<?xml version="1.0" encoding="UTF-8"?>
<!-- Generated by org.testng.reporters.JUnitReportReporter -->
<testsuite hostname="hpdesktop" name="testcases.TestNewsPage" tests="2" failures="0" timestamp="29 Jul 2019 12:08:17 GMT" time="191.211" errors="0">
  <testcase name="DraftNews" time="61.192" classname="testcases.TestNewsPage"/>
  <testcase name="SaveAndPublishNews" time="130.019" classname="testcases.TestNewsPage"/>
</testsuite> <!-- testcases.TestNewsPage -->
