<?xml version="1.0" encoding="UTF-8"?>
<!-- Generated by org.testng.reporters.JUnitReportReporter -->
<testsuite hostname="DESKTOP-VE1EGK4" name="testcases.TestMessengerPage" tests="2" failures="0" timestamp="8 Jul 2019 05:30:11 GMT" time="26.398" errors="0">
  <testcase name="FilesAndPhotoVideosCount" time="4.899" classname="testcases.TestMessengerPage"/>
  <testcase name="SendMessage" time="21.499" classname="testcases.TestMessengerPage"/>
</testsuite> <!-- testcases.TestMessengerPage -->
