<?xml version="1.0" encoding="UTF-8"?>
<!-- Generated by org.testng.reporters.JUnitReportReporter -->
<testsuite hostname="hpdesktop" name="testcases.TestMessengerPage" tests="2" failures="0" timestamp="26 Jun 2019 12:18:26 GMT" time="34.415" errors="0">
  <testcase name="SendMessage" time="26.564" classname="testcases.TestMessengerPage"/>
  <testcase name="FilesAndPhotoVideosCount" time="7.851" classname="testcases.TestMessengerPage"/>
</testsuite> <!-- testcases.TestMessengerPage -->
