<?xml version="1.0" encoding="UTF-8"?>
<!-- Generated by org.testng.reporters.JUnitReportReporter -->
<testsuite hostname="DESKTOP-VE1EGK4" name="testcases.TestHomePage" tests="5" failures="0" timestamp="8 Jul 2019 05:30:11 GMT" time="62.656" errors="0">
  <testcase name="Comment" time="4.142" classname="testcases.TestHomePage"/>
  <testcase name="Post" time="8.019" classname="testcases.TestHomePage"/>
  <testcase name="InspectQuickAdd" time="20.010" classname="testcases.TestHomePage"/>
  <testcase name="InspectNavDropDown" time="26.650" classname="testcases.TestHomePage"/>
  <testcase name="InspectNoti" time="3.835" classname="testcases.TestHomePage"/>
</testsuite> <!-- testcases.TestHomePage -->
