<?xml version="1.0" encoding="UTF-8"?>
<!-- Generated by org.testng.reporters.JUnitReportReporter -->
<testsuite hostname="DESKTOP-VE1EGK4" name="testcases.TestBookingPage" tests="1" failures="0" timestamp="8 Jul 2019 05:30:11 GMT" time="75.092" errors="0">
  <testcase name="BookVehicle" time="75.092" classname="testcases.TestBookingPage"/>
</testsuite> <!-- testcases.TestBookingPage -->
