<?xml version="1.0" encoding="UTF-8"?>
<!-- Generated by org.testng.reporters.JUnitReportReporter -->
<testsuite hostname="hpdesktop" name="testcases.TestHomePage" tests="5" failures="0" timestamp="26 Jun 2019 12:18:26 GMT" time="79.747" errors="0">
  <testcase name="Comment" time="5.563" classname="testcases.TestHomePage"/>
  <testcase name="InspectQuickAdd" time="24.056" classname="testcases.TestHomePage"/>
  <testcase name="InspectNavDropDown" time="35.930" classname="testcases.TestHomePage"/>
  <testcase name="Post" time="9.833" classname="testcases.TestHomePage"/>
  <testcase name="InspectNoti" time="4.365" classname="testcases.TestHomePage"/>
</testsuite> <!-- testcases.TestHomePage -->
