<?xml version="1.0" encoding="UTF-8"?>
<!-- Generated by org.testng.reporters.JUnitReportReporter -->
<testsuite hostname="hpdesktop" name="testcases.TestLandingPage" tests="3" failures="0" timestamp="5 Jul 2019 04:03:57 GMT" time="155.088" errors="0">
  <testcase name="ClickNews" time="43.532" classname="testcases.TestLandingPage"/>
  <testcase name="FillLoginForm" time="24.406" classname="testcases.TestLandingPage"/>
  <testcase name="FillLoginForm" time="87.150" classname="testcases.TestLandingPage"/>
</testsuite> <!-- testcases.TestLandingPage -->
